<?xml version="1.0" encoding="UTF-8" standalone="yes"?><!DOCTYPE report PUBLIC "-//JACOCO//DTD Report 1.1//EN" "report.dtd"><report name="LogicalCoverageCaseStudy"><sessioninfo id="DESKTOP-1HHHKMH-4cf13d5e" start="1633440596524" dump="1633440597450"/><sessioninfo id="DESKTOP-1HHHKMH-5da28f2c" start="1633440933229" dump="1633440934119"/><sessioninfo id="DESKTOP-1HHHKMH-93f1d33b" start="1633442478543" dump="1633442479194"/><sessioninfo id="DESKTOP-1HHHKMH-5bc84b14" start="1633442596431" dump="1633442597152"/><sessioninfo id="DESKTOP-1HHHKMH-4873f19e" start="1633443500664" dump="1633443501312"/><sessioninfo id="DESKTOP-1HHHKMH-a9114970" start="1633443566474" dump="1633443567120"/><sessioninfo id="DESKTOP-1HHHKMH-a372c4e0" start="1633443608832" dump="1633443609523"/><sessioninfo id="DESKTOP-1HHHKMH-b74989fc" start="1633443924318" dump="1633443924968"/><sessioninfo id="DESKTOP-1HHHKMH-9fb90cf2" start="1633444173204" dump="1633444173867"/><sessioninfo id="DESKTOP-1HHHKMH-797799bb" start="1633444307081" dump="1633444307680"/><sessioninfo id="DESKTOP-1HHHKMH-6a201787" start="1633444346398" dump="1633444347087"/><sessioninfo id="DESKTOP-1HHHKMH-50ee6f3f" start="1633444361680" dump="1633444362337"/><sessioninfo id="DESKTOP-1HHHKMH-395de06a" start="1633444370126" dump="1633444370760"/><sessioninfo id="DESKTOP-1HHHKMH-f846614a" start="1633444401030" dump="1633444401685"/><sessioninfo id="DESKTOP-1HHHKMH-91d86ff6" start="1633444541248" dump="1633444541922"/><sessioninfo id="DESKTOP-1HHHKMH-5aad72ff" start="1633445007183" dump="1633445007867"/><sessioninfo id="DESKTOP-1HHHKMH-42905ee8" start="1633445372321" dump="1633445372965"/><sessioninfo id="DESKTOP-1HHHKMH-f8069a80" start="1633445459982" dump="1633445460661"/><sessioninfo id="DESKTOP-1HHHKMH-e45ed5b6" start="1633445490761" dump="1633445491377"/><sessioninfo id="DESKTOP-1HHHKMH-5340429b" start="1633445574439" dump="1633445575098"/><package name="edu/sei/st/logicalcoverage"><class name="edu/sei/st/logicalcoverage/Repay" sourcefilename="Repay.java"><method name="&lt;init&gt;" desc="(ZZLjava/math/BigDecimal;ZZLjava/math/BigDecimal;)V" line="16"><counter type="INSTRUCTION" missed="0" covered="21"/><counter type="LINE" missed="0" covered="8"/><counter type="COMPLEXITY" missed="0" covered="1"/><counter type="METHOD" missed="0" covered="1"/></method><method name="doRepay" desc="()Ljava/lang/String;" line="28"><counter type="INSTRUCTION" missed="0" covered="33"/><counter type="BRANCH" missed="0" covered="12"/><counter type="LINE" missed="0" covered="7"/><counter type="COMPLEXITY" missed="0" covered="7"/><counter type="METHOD" missed="0" covered="1"/></method><counter type="INSTRUCTION" missed="0" covered="54"/><counter type="BRANCH" missed="0" covered="12"/><counter type="LINE" missed="0" covered="15"/><counter type="COMPLEXITY" missed="0" covered="8"/><counter type="METHOD" missed="0" covered="2"/><counter type="CLASS" missed="0" covered="1"/></class><sourcefile name="Repay.java"><line nr="16" mi="0" ci="2" mb="0" cb="0"/><line nr="17" mi="0" ci="3" mb="0" cb="0"/><line nr="18" mi="0" ci="3" mb="0" cb="0"/><line nr="19" mi="0" ci="3" mb="0" cb="0"/><line nr="20" mi="0" ci="3" mb="0" cb="0"/><line nr="21" mi="0" ci="3" mb="0" cb="0"/><line nr="22" mi="0" ci="3" mb="0" cb="0"/><line nr="23" mi="0" ci="1" mb="0" cb="0"/><line nr="28" mi="0" ci="11" mb="0" cb="6"/><line nr="29" mi="0" ci="6" mb="0" cb="4"/><line nr="30" mi="0" ci="8" mb="0" cb="2"/><line nr="31" mi="0" ci="2" mb="0" cb="0"/><line nr="33" mi="0" ci="2" mb="0" cb="0"/><line nr="36" mi="0" ci="2" mb="0" cb="0"/><line nr="39" mi="0" ci="2" mb="0" cb="0"/><counter type="INSTRUCTION" missed="0" covered="54"/><counter type="BRANCH" missed="0" covered="12"/><counter type="LINE" missed="0" covered="15"/><counter type="COMPLEXITY" missed="0" covered="8"/><counter type="METHOD" missed="0" covered="2"/><counter type="CLASS" missed="0" covered="1"/></sourcefile><counter type="INSTRUCTION" missed="0" covered="54"/><counter type="BRANCH" missed="0" covered="12"/><counter type="LINE" missed="0" covered="15"/><counter type="COMPLEXITY" missed="0" covered="8"/><counter type="METHOD" missed="0" covered="2"/><counter type="CLASS" missed="0" covered="1"/></package><counter type="INSTRUCTION" missed="0" covered="54"/><counter type="BRANCH" missed="0" covered="12"/><counter type="LINE" missed="0" covered="15"/><counter type="COMPLEXITY" missed="0" covered="8"/><counter type="METHOD" missed="0" covered="2"/><counter type="CLASS" missed="0" covered="1"/></report>