<?xml version="1.0" encoding="UTF-8"?>
<testsuite xmlns:xsi="http://www.w3.org/2001/XMLSchema-instance" xsi:noNamespaceSchemaLocation="https://maven.apache.org/surefire/maven-surefire-plugin/xsd/surefire-test-report-3.0.xsd" version="3.0" name="edu.sei.st.logicalcoverage.RepayStatementCoverageTest" time="0.051" tests="4" errors="0" skipped="0" failures="0">
  <properties>
[...]
</properties>
  <testcase name="doRepay1" classname="edu.sei.st.logicalcoverage.RepayStatementCoverageTest" time="0.033"/>
  <testcase name="doRepay2" classname="edu.sei.st.logicalcoverage.RepayStatementCoverageTest" time="0.001"/>
  <testcase name="doRepay3" classname="edu.sei.st.logicalcoverage.RepayStatementCoverageTest" time="0.001"/>
  <testcase name="doRepay4" classname="edu.sei.st.logicalcoverage.RepayStatementCoverageTest" time="0.001"/>
</testsuite>